<?xml version="1.0" encoding="UTF-8"?>
<coverage generated="1690960853540" clover="3.2.0">
  <project timestamp="1690960853540" name="All files">
    <metrics statements="6" coveredstatements="6" conditionals="4" coveredconditionals="4" methods="2" coveredmethods="2" elements="12" coveredelements="12" complexity="0" loc="6" ncloc="6" packages="1" files="1" classes="1"/>
    <file name="searchUser.js" path="E:\Git\learning-note(code)\test\2-mock\src\searchUser.js">
      <metrics statements="6" coveredstatements="6" conditionals="4" coveredconditionals="4" methods="2" coveredmethods="2"/>
      <line num="3" count="1" type="stmt"/>
      <line num="4" count="6" type="cond" truecount="2" falsecount="0"/>
      <line num="6" count="3" type="stmt"/>
      <line num="8" count="3" type="stmt"/>
      <line num="9" count="16" type="stmt"/>
      <line num="13" count="3" type="cond" truecount="2" falsecount="0"/>
    </file>
  </project>
</coverage>
