{"E:\\Git\\learning-note(code)\\test\\2-mock\\src\\searchUser.js": {"path":"E:\\Git\\learning-note(code)\\test\\2-mock\\src\\searchUser.js","statementMap":{"0":{"start":{"line":3,"column":19},"end":{"line":16,"column":1}},"1":{"start":{"line":4,"column":2},"end":{"line":4,"column":27}},"2":{"start":{"line":4,"column":17},"end":{"line":4,"column":27}},"3":{"start":{"line":6,"column":18},"end":{"line":6,"column":44}},"4":{"start":{"line":8,"column":23},"end":{"line":10,"column":4}},"5":{"start":{"line":9,"column":4},"end":{"line":9,"column":34}},"6":{"start":{"line":13,"column":2},"end":{"line":15,"column":19}}},"fnMap":{"0":{"name":"(anonymous_0)","decl":{"start":{"line":3,"column":19},"end":{"line":3,"column":20}},"loc":{"start":{"line":3,"column":33},"end":{"line":16,"column":1}},"line":3},"1":{"name":"(anonymous_1)","decl":{"start":{"line":8,"column":38},"end":{"line":8,"column":39}},"loc":{"start":{"line":8,"column":48},"end":{"line":10,"column":3}},"line":8}},"branchMap":{"0":{"loc":{"start":{"line":4,"column":2},"end":{"line":4,"column":27}},"type":"if","locations":[{"start":{"line":4,"column":2},"end":{"line":4,"column":27}},{"start":{},"end":{}}],"line":4},"1":{"loc":{"start":{"line":13,"column":9},"end":{"line":15,"column":18}},"type":"cond-expr","locations":[{"start":{"line":14,"column":6},"end":{"line":14,"column":30}},{"start":{"line":15,"column":6},"end":{"line":15,"column":18}}],"line":13}},"s":{"0":1,"1":6,"2":3,"3":3,"4":3,"5":16,"6":3},"f":{"0":6,"1":16},"b":{"0":[3,3],"1":[1,2]},"_coverageSchema":"1a1c01bbd47fc00a2c39e90264f33305004495a9","hash":"5add7bc33b412b45cf746f0844b1e5c5ba3f8f56"}
}
